# JRE version: OpenJDK Runtime Environment Temurin-17.0.13+11 (17.0.13+11) (build 17.0.13+11)
# Java VM: OpenJDK 64-Bit Server VM Temurin-17.0.13+11 (17.0.13+11, mixed mode, tiered, compressed oops, compressed class ptrs, g1 gc, windows-amd64)
GC Precious Log:
 CPUs: 12 total, 12 available
 Memory: 7521M
 Large Page Support: Disabled
 NUMA Support: Disabled
 Compressed Oops: Enabled (32-bit)
 Heap Region Size: 1M
 Heap Min Capacity: 8M
 Heap Initial Capacity: 118M
 Heap Max Capacity: 1882M
 Pre-touch: Disabled
 Parallel Workers: 10
 Concurrent Workers: 3
 Concurrent Refinement Workers: 10
 Periodic GC: Disabled
Heap:
 garbage-first heap   total 106496K, used 33784K [0x000000008a600000, 0x0000000100000000)
  region size 1024K, 4 young (4096K), 4 survivors (4096K)
 Metaspace       used 89621K, committed 90496K, reserved 1179648K
  class space    used 11342K, committed 11776K, reserved 1048576K
GC Heap History (20 events):
Event: 877.341 GC heap after
{Heap after GC invocations=62 (full 6):
 garbage-first heap   total 82944K, used 35051K [0x000000008a600000, 0x0000000100000000)
  region size 1024K, 2 young (2048K), 2 survivors (2048K)
 Metaspace       used 87372K, committed 88192K, reserved 1179648K
  class space    used 11217K, committed 11584K, reserved 1048576K
}
Event: 877.360 GC heap before
{Heap before GC invocations=62 (full 6):
 garbage-first heap   total 82944K, used 37099K [0x000000008a600000, 0x0000000100000000)
  region size 1024K, 4 young (4096K), 2 survivors (2048K)
 Metaspace       used 87433K, committed 88192K, reserved 1179648K
  class space    used 11221K, committed 11584K, reserved 1048576K
}
Event: 877.368 GC heap after
{Heap after GC invocations=63 (full 6):
 garbage-first heap   total 121856K, used 35433K [0x000000008a600000, 0x0000000100000000)
  region size 1024K, 1 young (1024K), 1 survivors (1024K)
 Metaspace       used 87433K, committed 88192K, reserved 1179648K
  class space    used 11221K, committed 11584K, reserved 1048576K
}
Event: 1717.667 GC heap before
{Heap before GC invocations=63 (full 6):
 garbage-first heap   total 121856K, used 88681K [0x000000008a600000, 0x0000000100000000)
  region size 1024K, 53 young (54272K), 1 survivors (1024K)
 Metaspace       used 87832K, committed 88576K, reserved 1179648K
  class space    used 11239K, committed 11584K, reserved 1048576K
}
Event: 1717.777 GC heap after
{Heap after GC invocations=64 (full 6):
 garbage-first heap   total 121856K, used 38055K [0x000000008a600000, 0x0000000100000000)
  region size 1024K, 3 young (3072K), 3 survivors (3072K)
 Metaspace       used 87832K, committed 88576K, reserved 1179648K
  class space    used 11239K, committed 11584K, reserved 1048576K
}
Event: 1777.970 GC heap before
{Heap before GC invocations=64 (full 6):
 garbage-first heap   total 121856K, used 42151K [0x000000008a600000, 0x0000000100000000)
  region size 1024K, 8 young (8192K), 3 survivors (3072K)
 Metaspace       used 87841K, committed 88704K, reserved 1179648K
  class space    used 11240K, committed 11648K, reserved 1048576K
}
Event: 1778.537 GC heap after
{Heap after GC invocations=65 (full 7):
 garbage-first heap   total 112640K, used 30858K [0x000000008a600000, 0x0000000100000000)
  region size 1024K, 0 young (0K), 0 survivors (0K)
 Metaspace       used 87838K, committed 88704K, reserved 1179648K
  class space    used 11240K, committed 11648K, reserved 1048576K
}
Event: 1780.113 GC heap before
{Heap before GC invocations=65 (full 7):
 garbage-first heap   total 112640K, used 83082K [0x000000008a600000, 0x0000000100000000)
  region size 1024K, 52 young (53248K), 0 survivors (0K)
 Metaspace       used 88079K, committed 88896K, reserved 1179648K
  class space    used 11260K, committed 11648K, reserved 1048576K
}
Event: 1780.125 GC heap after
{Heap after GC invocations=66 (full 7):
 garbage-first heap   total 112640K, used 34786K [0x000000008a600000, 0x0000000100000000)
  region size 1024K, 4 young (4096K), 4 survivors (4096K)
 Metaspace       used 88079K, committed 88896K, reserved 1179648K
  class space    used 11260K, committed 11648K, reserved 1048576K
}
Event: 1782.409 GC heap before
{Heap before GC invocations=67 (full 7):
 garbage-first heap   total 112640K, used 64482K [0x000000008a600000, 0x0000000100000000)
  region size 1024K, 34 young (34816K), 4 survivors (4096K)
 Metaspace       used 88383K, committed 89216K, reserved 1179648K
  class space    used 11277K, committed 11712K, reserved 1048576K
}
Event: 1782.503 GC heap after
{Heap after GC invocations=68 (full 8):
 garbage-first heap   total 109568K, used 29158K [0x000000008a600000, 0x0000000100000000)
  region size 1024K, 0 young (0K), 0 survivors (0K)
 Metaspace       used 88380K, committed 89216K, reserved 1179648K
  class space    used 11277K, committed 11712K, reserved 1048576K
}
Event: 1783.735 GC heap before
{Heap before GC invocations=68 (full 8):
 garbage-first heap   total 109568K, used 80358K [0x000000008a600000, 0x0000000100000000)
  region size 1024K, 51 young (52224K), 0 survivors (0K)
 Metaspace       used 88531K, committed 89344K, reserved 1179648K
  class space    used 11287K, committed 11712K, reserved 1048576K
}
Event: 1783.742 GC heap after
{Heap after GC invocations=69 (full 8):
 garbage-first heap   total 109568K, used 33158K [0x000000008a600000, 0x0000000100000000)
  region size 1024K, 4 young (4096K), 4 survivors (4096K)
 Metaspace       used 88531K, committed 89344K, reserved 1179648K
  class space    used 11287K, committed 11712K, reserved 1048576K
}
Event: 1785.976 GC heap before
{Heap before GC invocations=70 (full 8):
 garbage-first heap   total 109568K, used 63878K [0x000000008a600000, 0x0000000100000000)
  region size 1024K, 35 young (35840K), 4 survivors (4096K)
 Metaspace       used 88892K, committed 89728K, reserved 1179648K
  class space    used 11304K, committed 11712K, reserved 1048576K
}
Event: 1786.043 GC heap after
{Heap after GC invocations=71 (full 9):
 garbage-first heap   total 109568K, used 29406K [0x000000008a600000, 0x0000000100000000)
  region size 1024K, 0 young (0K), 0 survivors (0K)
 Metaspace       used 88889K, committed 89728K, reserved 1179648K
  class space    used 11304K, committed 11712K, reserved 1048576K
}
Event: 1786.876 GC heap before
{Heap before GC invocations=71 (full 9):
 garbage-first heap   total 109568K, used 80606K [0x000000008a600000, 0x0000000100000000)
  region size 1024K, 51 young (52224K), 0 survivors (0K)
 Metaspace       used 89081K, committed 89920K, reserved 1179648K
  class space    used 11315K, committed 11712K, reserved 1048576K
}
Event: 1786.881 GC heap after
{Heap after GC invocations=72 (full 9):
 garbage-first heap   total 109568K, used 33573K [0x000000008a600000, 0x0000000100000000)
  region size 1024K, 5 young (5120K), 5 survivors (5120K)
 Metaspace       used 89081K, committed 89920K, reserved 1179648K
  class space    used 11315K, committed 11712K, reserved 1048576K
}
Event: 1789.103 GC heap before
{Heap before GC invocations=73 (full 9):
 garbage-first heap   total 109568K, used 64293K [0x000000008a600000, 0x0000000100000000)
  region size 1024K, 36 young (36864K), 5 survivors (5120K)
 Metaspace       used 89428K, committed 90240K, reserved 1179648K
  class space    used 11331K, committed 11712K, reserved 1048576K
}
Event: 1789.175 GC heap after
{Heap after GC invocations=74 (full 10):
 garbage-first heap   total 106496K, used 29704K [0x000000008a600000, 0x0000000100000000)
  region size 1024K, 0 young (0K), 0 survivors (0K)
 Metaspace       used 89425K, committed 90240K, reserved 1179648K
  class space    used 11330K, committed 11712K, reserved 1048576K
}
Event: 1789.867 GC heap before
{Heap before GC invocations=74 (full 10):
 garbage-first heap   total 106496K, used 80904K [0x000000008a600000, 0x0000000100000000)
  region size 1024K, 51 young (52224K), 0 survivors (0K)
 Metaspace       used 89621K, committed 90496K, reserved 1179648K
  class space    used 11342K, committed 11776K, reserved 1048576K
}

